\BOOKMARK [1][-]{section.1}{Introduction}{}% 1
\BOOKMARK [1][-]{section.2}{Formation}{}% 2
\BOOKMARK [2][-]{subsection.2.1}{Algorithms}{section.2}% 3
\BOOKMARK [3][-]{subsubsection.2.1.1}{Leader-follower algorithm}{subsection.2.1}% 4
\BOOKMARK [3][-]{subsubsection.2.1.2}{Behavior-based algorithm}{subsection.2.1}% 5
\BOOKMARK [3][-]{subsubsection.2.1.3}{Virtual structure algorithm}{subsection.2.1}% 6
\BOOKMARK [3][-]{subsubsection.2.1.4}{Virtual space configuration}{subsection.2.1}% 7
\BOOKMARK [3][-]{subsubsection.2.1.5}{Fuzzy formation control}{subsection.2.1}% 8
\BOOKMARK [3][-]{subsubsection.2.1.6}{Teamwork software control}{subsection.2.1}% 9
\BOOKMARK [2][-]{subsection.2.2}{Discussion}{section.2}% 10
\BOOKMARK [1][-]{section.3}{Dispersion}{}% 11
\BOOKMARK [2][-]{subsection.3.1}{Algorithms}{section.3}% 12
\BOOKMARK [3][-]{subsubsection.3.1.1}{Random-based Approach}{subsection.3.1}% 13
\BOOKMARK [3][-]{subsubsection.3.1.2}{Graph Theory Approach}{subsection.3.1}% 14
\BOOKMARK [3][-]{subsubsection.3.1.3}{Artificial Potential Fields Approach}{subsection.3.1}% 15
\BOOKMARK [3][-]{subsubsection.3.1.4}{Inverse-Vector Approach}{subsection.3.1}% 16
\BOOKMARK [2][-]{subsection.3.2}{Discussion}{section.3}% 17
\BOOKMARK [1][-]{section.4}{Exploration}{}% 18
\BOOKMARK [2][-]{subsection.4.1}{Algorithms}{section.4}% 19
\BOOKMARK [3][-]{subsubsection.4.1.1}{Frontier-based Algorithms}{subsection.4.1}% 20
\BOOKMARK [3][-]{subsubsection.4.1.2}{Market Economy Algorithm}{subsection.4.1}% 21
\BOOKMARK [3][-]{subsubsection.4.1.3}{Heterogeneous Exploration Algorithm}{subsection.4.1}% 22
\BOOKMARK [2][-]{subsection.4.2}{Discussion}{section.4}% 23
\BOOKMARK [1][-]{section.5}{Source Localization}{}% 24
\BOOKMARK [2][-]{subsection.5.1}{Algorithms}{section.5}% 25
\BOOKMARK [3][-]{subsubsection.5.1.1}{Hill Climbing Algorithms}{subsection.5.1}% 26
\BOOKMARK [3][-]{subsubsection.5.1.2}{Biologically Inspired Algorithms}{subsection.5.1}% 27
\BOOKMARK [2][-]{subsection.5.2}{Discussion}{section.5}% 28
\BOOKMARK [1][-]{section.6}{Collective Transport}{}% 29
\BOOKMARK [2][-]{subsection.6.1}{Algorithms}{section.6}% 30
\BOOKMARK [3][-]{subsubsection.6.1.1}{Formation transport}{subsection.6.1}% 31
\BOOKMARK [3][-]{subsubsection.6.1.2}{Source localization transport}{subsection.6.1}% 32
\BOOKMARK [1][-]{section.7}{Discussion}{}% 33
